<?xml version="1.0" encoding="UTF-8"?>
<!-- Generated by org.testng.reporters.JUnitReportReporter -->
<testsuite hostname="DESKTOP-11UCV8M" failures="0" tests="2" name="com.ae.tests.CartPageTest" time="35.825" errors="0" timestamp="2025-07-05T20:04:41 IST" skipped="0">
  <testcase classname="com.ae.tests.CartPageTest" name="testToVerifyProductQuantityInCart" time="13.772"/>
  <testcase classname="com.ae.tests.CartPageTest" name="testToRemoveProductsFromCart" time="22.053"/>
</testsuite> <!-- com.ae.tests.CartPageTest -->
