<?xml version="1.0" encoding="UTF-8"?>
<!-- Generated by org.testng.reporters.JUnitReportReporter -->
<testsuite hostname="DESKTOP-11UCV8M" failures="0" tests="3" name="com.ae.tests.CheckoutTest" time="110.197" errors="0" timestamp="2025-07-05T20:04:41 IST" skipped="0">
  <testcase classname="com.ae.tests.CheckoutTest" name="testToRegisterWhileCheckout" time="34.574"/>
  <testcase classname="com.ae.tests.CheckoutTest" name="testToRegisterBeforeCheckout" time="30.160"/>
  <testcase classname="com.ae.tests.CheckoutTest" name="testToLoginBeforeCheckout" time="45.463"/>
</testsuite> <!-- com.ae.tests.CheckoutTest -->
