<?xml version="1.0" encoding="UTF-8"?>
<!-- Generated by org.testng.reporters.JUnitReportReporter -->
<testsuite hostname="DESKTOP-11UCV8M" failures="0" tests="1" name="com.ae.tests.SearchTest" time="9.139" errors="0" timestamp="2025-07-05T20:04:41 IST" skipped="0">
  <testcase classname="com.ae.tests.SearchTest" name="verifyProductsRelatedToSearchAreVisible" time="9.139"/>
</testsuite> <!-- com.ae.tests.SearchTest -->
