<?xml version="1.0" encoding="UTF-8"?>
<!-- Generated by org.testng.reporters.JUnitReportReporter -->
<testsuite hostname="DESKTOP-11UCV8M" failures="0" tests="2" name="com.ae.tests.CartPageTest" time="32.042" errors="0" timestamp="2025-07-05T09:50:16 IST" skipped="0">
  <testcase classname="com.ae.tests.CartPageTest" name="testToVerifyProductQuantityInCart" time="10.967"/>
  <testcase classname="com.ae.tests.CartPageTest" name="testToRemoveProductsFromCart" time="21.075"/>
</testsuite> <!-- com.ae.tests.CartPageTest -->
