<?xml version="1.0" encoding="UTF-8"?>
<!-- Generated by org.testng.reporters.JUnitReportReporter -->
<testsuite hostname="DESKTOP-11UCV8M" failures="0" tests="1" name="com.ae.tests.ContactUsTest" time="9.902" errors="0" timestamp="2025-07-05T20:04:41 IST" skipped="0">
  <testcase classname="com.ae.tests.ContactUsTest" name="testContactUsForm" time="9.902"/>
</testsuite> <!-- com.ae.tests.ContactUsTest -->
