<?xml version="1.0" encoding="UTF-8"?>
<!-- Generated by org.testng.reporters.JUnitReportReporter -->
<testsuite hostname="DESKTOP-11UCV8M" failures="0" tests="1" name="com.ae.tests.LogoutTest" time="12.115" errors="0" timestamp="2025-07-05T20:04:41 IST" skipped="0">
  <testcase classname="com.ae.tests.LogoutTest" name="testToLogoutUser" time="12.115"/>
</testsuite> <!-- com.ae.tests.LogoutTest -->
