<?xml version="1.0" encoding="UTF-8"?>
<!-- Generated by org.testng.reporters.JUnitReportReporter -->
<testsuite hostname="DESKTOP-11UCV8M" failures="0" tests="2" name="com.ae.tests.LoginTest" time="25.591" errors="0" timestamp="2025-07-05T20:04:41 IST" skipped="0">
  <testcase classname="com.ae.tests.LoginTest" name="verifyLoginWithCorrectEmailAndPassword" time="13.698"/>
  <testcase classname="com.ae.tests.LoginTest" name="verifyLoginWithIncorrectEmailAndPassword" time="11.893"/>
</testsuite> <!-- com.ae.tests.LoginTest -->
