<?xml version="1.0" encoding="UTF-8"?>
<!-- Generated by org.testng.reporters.JUnitReportReporter -->
<testsuite hostname="DESKTOP-11UCV8M" failures="0" tests="2" name="com.ae.tests.RegisterTest" time="33.692" errors="0" timestamp="2025-07-05T20:04:41 IST" skipped="0">
  <testcase classname="com.ae.tests.RegisterTest" name="testToRegisterUserWithNewEmail" time="23.961"/>
  <testcase classname="com.ae.tests.RegisterTest" name="testToRegisterUserWithExistingEmail" time="9.731"/>
</testsuite> <!-- com.ae.tests.RegisterTest -->
