<?xml version="1.0" encoding="UTF-8"?>
<!-- Generated by org.testng.reporters.JUnitReportReporter -->
<testsuite hostname="DESKTOP-11UCV8M" failures="0" tests="5" name="com.ae.tests.CheckoutTest" time="132.085" errors="0" timestamp="2025-07-05T09:50:16 IST" skipped="2">
  <testcase classname="com.ae.tests.CheckoutTest" name="testToRegisterWhileCheckout" time="15.446">
    <skipped/>
  </testcase> <!-- testToRegisterWhileCheckout -->
  <testcase classname="com.ae.tests.CheckoutTest" name="testToRegisterWhileCheckout" time="33.263"/>
  <testcase classname="com.ae.tests.CheckoutTest" name="testToRegisterWhileCheckout" time="15.361">
    <skipped/>
  </testcase> <!-- testToRegisterWhileCheckout -->
  <testcase classname="com.ae.tests.CheckoutTest" name="testToRegisterBeforeCheckout" time="29.517"/>
  <testcase classname="com.ae.tests.CheckoutTest" name="testToLoginBeforeCheckout" time="38.498"/>
</testsuite> <!-- com.ae.tests.CheckoutTest -->
