<?xml version="1.0" encoding="UTF-8"?>
<!-- Generated by org.testng.reporters.JUnitReportReporter -->
<testsuite hostname="DESKTOP-11UCV8M" failures="0" tests="2" name="com.ae.tests.SubscriptionTest" time="15.628" errors="0" timestamp="2025-07-05T20:04:41 IST" skipped="0">
  <testcase classname="com.ae.tests.SubscriptionTest" name="verifySubscriptionInCartPage" time="8.122"/>
  <testcase classname="com.ae.tests.SubscriptionTest" name="verifySubscriptionInHomePage" time="7.506"/>
</testsuite> <!-- com.ae.tests.SubscriptionTest -->
